  Game.cpp
d:\prog\defenders\bullets.h(20): warning C4244: аргумент: преобразование "float" в "int", возможна потеря данных
d:\prog\defenders\bullets.h(28): warning C4244: -=: преобразование "double" в "float", возможна потеря данных
d:\prog\defenders\bullets.h(35): warning C4244: аргумент: преобразование "float" в "int", возможна потеря данных
d:\prog\defenders\enemies.h(23): warning C4244: =: преобразование "double" в "float", возможна потеря данных
d:\prog\defenders\enemies.h(31): warning C4244: аргумент: преобразование "float" в "int", возможна потеря данных
d:\prog\defenders\enemies.h(48): warning C4244: +=: преобразование "double" в "float", возможна потеря данных
d:\prog\defenders\enemies.h(52): warning C4244: +=: преобразование "double" в "float", возможна потеря данных
d:\prog\defenders\enemies.h(56): warning C4244: +=: преобразование "double" в "float", возможна потеря данных
d:\prog\defenders\enemies.h(60): warning C4244: +=: преобразование "double" в "float", возможна потеря данных
d:\prog\defenders\enemies.h(64): warning C4244: аргумент: преобразование "float" в "int", возможна потеря данных
d:\prog\defenders\enemies.h(70): warning C4244: инициализация: преобразование "double" в "float", возможна потеря данных
d:\prog\defenders\enemies.h(97): warning C4244: -=: преобразование "double" в "float", возможна потеря данных
d:\prog\defenders\enemies.h(101): warning C4244: -=: преобразование "double" в "float", возможна потеря данных
d:\prog\defenders\enemies.h(105): warning C4244: -=: преобразование "double" в "float", возможна потеря данных
d:\prog\defenders\enemies.h(109): warning C4244: -=: преобразование "double" в "float", возможна потеря данных
d:\prog\defenders\towers.h(30): warning C4244: =: преобразование "double" в "float", возможна потеря данных
d:\prog\defenders\towers.h(36): warning C4244: аргумент: преобразование "float" в "int", возможна потеря данных
d:\prog\defenders\towers.h(38): warning C4244: =: преобразование "float" в "int", возможна потеря данных
d:\prog\defenders\towers.h(39): warning C4244: =: преобразование "float" в "int", возможна потеря данных
d:\prog\defenders\towers.h(54): warning C4244: =: преобразование "double" в "float", возможна потеря данных
d:\prog\defenders\towers.h(73): warning C4305: инициализация: усечение из "int" в "float"
d:\prog\defenders\towers.h(111): warning C4244: аргумент: преобразование "float" в "int", возможна потеря данных
d:\prog\defenders\towers.h(112): warning C4244: аргумент: преобразование "int" в "float", возможна потеря данных
d:\prog\defenders\towers.h(114): warning C4244: аргумент: преобразование "float" в "int", возможна потеря данных
d:\prog\defenders\towers.h(115): warning C4244: =: преобразование "double" в "float", возможна потеря данных
d:\prog\defenders\player.h(15): warning C4305: инициализация: усечение из "double" в "float"
d:\prog\defenders\player.h(53): warning C4244: =: преобразование "double" в "float", возможна потеря данных
d:\prog\defenders\player.h(56): warning C4244: аргумент: преобразование "float" в "int", возможна потеря данных
d:\prog\defenders\gui.h(15): warning C4244: аргумент: преобразование "int" в "float", возможна потеря данных
d:\prog\defenders\gui.h(31): warning C4244: аргумент: преобразование "int" в "float", возможна потеря данных
d:\prog\defenders\game.cpp(28): warning C4244: инициализация: преобразование "sf::Int64" в "float", возможна потеря данных
d:\prog\defenders\game.cpp(77): warning C4244: инициализация: преобразование "float" в "int", возможна потеря данных
d:\prog\defenders\game.cpp(78): warning C4244: инициализация: преобразование "float" в "int", возможна потеря данных
d:\prog\defenders\game.cpp(80): warning C4244: аргумент: преобразование "int" в "float", возможна потеря данных
  Defenders.vcxproj -> D:\prog\Debug\Defenders.exe
  Defenders.vcxproj -> D:\prog\Debug\Defenders.pdb (Partial PDB)
